# JRE version: Java(TM) SE Runtime Environment (8.0_181-b13) (build 1.8.0_181-b13)
# Java VM: Java HotSpot(TM) 64-Bit Server VM (25.181-b13 mixed mode windows-amd64 compressed oops)
Heap:
 PSYoungGen      total 135168K, used 14779K [0x00000000d5580000, 0x00000000de580000, 0x0000000100000000)
  eden space 124416K, 11% used [0x00000000d5580000,0x00000000d63eefb0,0x00000000dcf00000)
  from space 10752K, 0% used [0x00000000dda00000,0x00000000dda00000,0x00000000de480000)
  to   space 11264K, 0% used [0x00000000dcf00000,0x00000000dcf00000,0x00000000dda00000)
 ParOldGen       total 66560K, used 13311K [0x0000000080000000, 0x0000000084100000, 0x00000000d5580000)
  object space 66560K, 19% used [0x0000000080000000,0x0000000080cffed8,0x0000000084100000)
 Metaspace       used 21370K, capacity 21610K, committed 21760K, reserved 1069056K
  class space    used 2448K, capacity 2535K, committed 2560K, reserved 1048576K
GC Heap History (10 events):
Event: 1.411 GC heap before
{Heap before GC invocations=3 (full 0):
 PSYoungGen      total 36352K, used 36334K [0x00000000d5580000, 0x00000000d7e00000, 0x0000000100000000)
  eden space 31232K, 100% used [0x00000000d5580000,0x00000000d7400000,0x00000000d7400000)
  from space 5120K, 99% used [0x00000000d7900000,0x00000000d7dfba80,0x00000000d7e00000)
  to   space 5120K, 0% used [0x00000000d7400000,0x00000000d7400000,0x00000000d7900000)
 ParOldGen       total 83456K, used 189K [0x0000000080000000, 0x0000000085180000, 0x00000000d5580000)
  object space 83456K, 0% used [0x0000000080000000,0x000000008002f528,0x0000000085180000)
 Metaspace       used 11861K, capacity 11944K, committed 12032K, reserved 1060864K
  class space    used 1254K, capacity 1274K, committed 1280K, reserved 1048576K
Event: 1.415 GC heap after
Heap after GC invocations=3 (full 0):
 PSYoungGen      total 36352K, used 5099K [0x00000000d5580000, 0x00000000d9c80000, 0x0000000100000000)
  eden space 31232K, 0% used [0x00000000d5580000,0x00000000d5580000,0x00000000d7400000)
  from space 5120K, 99% used [0x00000000d7400000,0x00000000d78fadc0,0x00000000d7900000)
  to   space 5120K, 0% used [0x00000000d9780000,0x00000000d9780000,0x00000000d9c80000)
 ParOldGen       total 83456K, used 646K [0x0000000080000000, 0x0000000085180000, 0x00000000d5580000)
  object space 83456K, 0% used [0x0000000080000000,0x00000000800a1a20,0x0000000085180000)
 Metaspace       used 11861K, capacity 11944K, committed 12032K, reserved 1060864K
  class space    used 1254K, capacity 1274K, committed 1280K, reserved 1048576K
}
Event: 1.867 GC heap before
{Heap before GC invocations=4 (full 0):
 PSYoungGen      total 36352K, used 36331K [0x00000000d5580000, 0x00000000d9c80000, 0x0000000100000000)
  eden space 31232K, 100% used [0x00000000d5580000,0x00000000d7400000,0x00000000d7400000)
  from space 5120K, 99% used [0x00000000d7400000,0x00000000d78fadc0,0x00000000d7900000)
  to   space 5120K, 0% used [0x00000000d9780000,0x00000000d9780000,0x00000000d9c80000)
 ParOldGen       total 83456K, used 646K [0x0000000080000000, 0x0000000085180000, 0x00000000d5580000)
  object space 83456K, 0% used [0x0000000080000000,0x00000000800a1a20,0x0000000085180000)
 Metaspace       used 16443K, capacity 16590K, committed 16768K, reserved 1064960K
  class space    used 1798K, capacity 1867K, committed 1920K, reserved 1048576K
Event: 1.876 GC heap after
Heap after GC invocations=4 (full 0):
 PSYoungGen      total 67584K, used 5110K [0x00000000d5580000, 0x00000000d9c80000, 0x0000000100000000)
  eden space 62464K, 0% used [0x00000000d5580000,0x00000000d5580000,0x00000000d9280000)
  from space 5120K, 99% used [0x00000000d9780000,0x00000000d9c7d940,0x00000000d9c80000)
  to   space 5120K, 0% used [0x00000000d9280000,0x00000000d9280000,0x00000000d9780000)
 ParOldGen       total 83456K, used 3514K [0x0000000080000000, 0x0000000085180000, 0x00000000d5580000)
  object space 83456K, 4% used [0x0000000080000000,0x000000008036e8e0,0x0000000085180000)
 Metaspace       used 16443K, capacity 16590K, committed 16768K, reserved 1064960K
  class space    used 1798K, capacity 1867K, committed 1920K, reserved 1048576K
}
Event: 2.598 GC heap before
{Heap before GC invocations=5 (full 0):
 PSYoungGen      total 67584K, used 67574K [0x00000000d5580000, 0x00000000d9c80000, 0x0000000100000000)
  eden space 62464K, 100% used [0x00000000d5580000,0x00000000d9280000,0x00000000d9280000)
  from space 5120K, 99% used [0x00000000d9780000,0x00000000d9c7d940,0x00000000d9c80000)
  to   space 5120K, 0% used [0x00000000d9280000,0x00000000d9280000,0x00000000d9780000)
 ParOldGen       total 83456K, used 3514K [0x0000000080000000, 0x0000000085180000, 0x00000000d5580000)
  object space 83456K, 4% used [0x0000000080000000,0x000000008036e8e0,0x0000000085180000)
 Metaspace       used 20250K, capacity 20450K, committed 20864K, reserved 1067008K
  class space    used 2268K, capacity 2364K, committed 2432K, reserved 1048576K
Event: 2.610 GC heap after
Heap after GC invocations=5 (full 0):
 PSYoungGen      total 67584K, used 5110K [0x00000000d5580000, 0x00000000de480000, 0x0000000100000000)
  eden space 62464K, 0% used [0x00000000d5580000,0x00000000d5580000,0x00000000d9280000)
  from space 5120K, 99% used [0x00000000d9280000,0x00000000d977d950,0x00000000d9780000)
  to   space 10752K, 0% used [0x00000000dda00000,0x00000000dda00000,0x00000000de480000)
 ParOldGen       total 83456K, used 8718K [0x0000000080000000, 0x0000000085180000, 0x00000000d5580000)
  object space 83456K, 10% used [0x0000000080000000,0x0000000080883890,0x0000000085180000)
 Metaspace       used 20250K, capacity 20450K, committed 20864K, reserved 1067008K
  class space    used 2268K, capacity 2364K, committed 2432K, reserved 1048576K
}
Event: 2.975 GC heap before
{Heap before GC invocations=6 (full 0):
 PSYoungGen      total 67584K, used 50775K [0x00000000d5580000, 0x00000000de480000, 0x0000000100000000)
  eden space 62464K, 73% used [0x00000000d5580000,0x00000000d8218538,0x00000000d9280000)
  from space 5120K, 99% used [0x00000000d9280000,0x00000000d977d950,0x00000000d9780000)
  to   space 10752K, 0% used [0x00000000dda00000,0x00000000dda00000,0x00000000de480000)
 ParOldGen       total 83456K, used 8718K [0x0000000080000000, 0x0000000085180000, 0x00000000d5580000)
  object space 83456K, 10% used [0x0000000080000000,0x0000000080883890,0x0000000085180000)
 Metaspace       used 20781K, capacity 20990K, committed 21248K, reserved 1069056K
  class space    used 2339K, capacity 2436K, committed 2560K, reserved 1048576K
Event: 2.991 GC heap after
Heap after GC invocations=6 (full 0):
 PSYoungGen      total 135168K, used 8862K [0x00000000d5580000, 0x00000000de580000, 0x0000000100000000)
  eden space 124416K, 0% used [0x00000000d5580000,0x00000000d5580000,0x00000000dcf00000)
  from space 10752K, 82% used [0x00000000dda00000,0x00000000de2a7a20,0x00000000de480000)
  to   space 11264K, 0% used [0x00000000dcf00000,0x00000000dcf00000,0x00000000dda00000)
 ParOldGen       total 83456K, used 8718K [0x0000000080000000, 0x0000000085180000, 0x00000000d5580000)
  object space 83456K, 10% used [0x0000000080000000,0x0000000080883890,0x0000000085180000)
 Metaspace       used 20781K, capacity 20990K, committed 21248K, reserved 1069056K
  class space    used 2339K, capacity 2436K, committed 2560K, reserved 1048576K
}
Event: 2.991 GC heap before
{Heap before GC invocations=7 (full 1):
 PSYoungGen      total 135168K, used 8862K [0x00000000d5580000, 0x00000000de580000, 0x0000000100000000)
  eden space 124416K, 0% used [0x00000000d5580000,0x00000000d5580000,0x00000000dcf00000)
  from space 10752K, 82% used [0x00000000dda00000,0x00000000de2a7a20,0x00000000de480000)
  to   space 11264K, 0% used [0x00000000dcf00000,0x00000000dcf00000,0x00000000dda00000)
 ParOldGen       total 83456K, used 8718K [0x0000000080000000, 0x0000000085180000, 0x00000000d5580000)
  object space 83456K, 10% used [0x0000000080000000,0x0000000080883890,0x0000000085180000)
 Metaspace       used 20781K, capacity 20990K, committed 21248K, reserved 1069056K
  class space    used 2339K, capacity 2436K, committed 2560K, reserved 1048576K
Event: 3.063 GC heap after
Heap after GC invocations=7 (full 1):
 PSYoungGen      total 135168K, used 0K [0x00000000d5580000, 0x00000000de580000, 0x0000000100000000)
  eden space 124416K, 0% used [0x00000000d5580000,0x00000000d5580000,0x00000000dcf00000)
  from space 10752K, 0% used [0x00000000dda00000,0x00000000dda00000,0x00000000de480000)
  to   space 11264K, 0% used [0x00000000dcf00000,0x00000000dcf00000,0x00000000dda00000)
 ParOldGen       total 66560K, used 13311K [0x0000000080000000, 0x0000000084100000, 0x00000000d5580000)
  object space 66560K, 19% used [0x0000000080000000,0x0000000080cffed8,0x0000000084100000)
 Metaspace       used 20781K, capacity 20990K, committed 21248K, reserved 1069056K
  class space    used 2339K, capacity 2436K, committed 2560K, reserved 1048576K
}

