# JRE version: Java(TM) SE Runtime Environment (8.0_181-b13) (build 1.8.0_181-b13)
# Java VM: Java HotSpot(TM) 64-Bit Server VM (25.181-b13 mixed mode windows-amd64 compressed oops)
Heap:
 PSYoungGen      total 135680K, used 13560K [0x00000000d5580000, 0x00000000de580000, 0x0000000100000000)
  eden space 124416K, 1% used [0x00000000d5580000,0x00000000d57c4d48,0x00000000dcf00000)
  from space 11264K, 99% used [0x00000000dcf00000,0x00000000dd9f9660,0x00000000dda00000)
  to   space 10752K, 0% used [0x00000000dda00000,0x00000000dda00000,0x00000000de480000)
 ParOldGen       total 65024K, used 13605K [0x0000000080000000, 0x0000000083f80000, 0x00000000d5580000)
  object space 65024K, 20% used [0x0000000080000000,0x0000000080d49430,0x0000000083f80000)
 Metaspace       used 29576K, capacity 30468K, committed 30592K, reserved 1075200K
  class space    used 3646K, capacity 3868K, committed 3968K, reserved 1048576K
GC Heap History (10 events):
Event: 2.039 GC heap before
{Heap before GC invocations=4 (full 0):
 PSYoungGen      total 36352K, used 36349K [0x00000000d5580000, 0x00000000d9c80000, 0x0000000100000000)
  eden space 31232K, 100% used [0x00000000d5580000,0x00000000d7400000,0x00000000d7400000)
  from space 5120K, 99% used [0x00000000d7400000,0x00000000d78ff470,0x00000000d7900000)
  to   space 5120K, 0% used [0x00000000d9780000,0x00000000d9780000,0x00000000d9c80000)
 ParOldGen       total 83456K, used 597K [0x0000000080000000, 0x0000000085180000, 0x00000000d5580000)
  object space 83456K, 0% used [0x0000000080000000,0x00000000800954e8,0x0000000085180000)
 Metaspace       used 16445K, capacity 16586K, committed 16768K, reserved 1064960K
  class space    used 1799K, capacity 1867K, committed 1920K, reserved 1048576K
Event: 2.047 GC heap after
Heap after GC invocations=4 (full 0):
 PSYoungGen      total 67584K, used 5088K [0x00000000d5580000, 0x00000000d9c80000, 0x0000000100000000)
  eden space 62464K, 0% used [0x00000000d5580000,0x00000000d5580000,0x00000000d9280000)
  from space 5120K, 99% used [0x00000000d9780000,0x00000000d9c78220,0x00000000d9c80000)
  to   space 5120K, 0% used [0x00000000d9280000,0x00000000d9280000,0x00000000d9780000)
 ParOldGen       total 83456K, used 3463K [0x0000000080000000, 0x0000000085180000, 0x00000000d5580000)
  object space 83456K, 4% used [0x0000000080000000,0x0000000080361f20,0x0000000085180000)
 Metaspace       used 16445K, capacity 16586K, committed 16768K, reserved 1064960K
  class space    used 1799K, capacity 1867K, committed 1920K, reserved 1048576K
}
Event: 2.850 GC heap before
{Heap before GC invocations=5 (full 0):
 PSYoungGen      total 67584K, used 67552K [0x00000000d5580000, 0x00000000d9c80000, 0x0000000100000000)
  eden space 62464K, 100% used [0x00000000d5580000,0x00000000d9280000,0x00000000d9280000)
  from space 5120K, 99% used [0x00000000d9780000,0x00000000d9c78220,0x00000000d9c80000)
  to   space 5120K, 0% used [0x00000000d9280000,0x00000000d9280000,0x00000000d9780000)
 ParOldGen       total 83456K, used 3463K [0x0000000080000000, 0x0000000085180000, 0x00000000d5580000)
  object space 83456K, 4% used [0x0000000080000000,0x0000000080361f20,0x0000000085180000)
 Metaspace       used 20230K, capacity 20510K, committed 20864K, reserved 1067008K
  class space    used 2268K, capacity 2364K, committed 2432K, reserved 1048576K
Event: 2.867 GC heap after
Heap after GC invocations=5 (full 0):
 PSYoungGen      total 67584K, used 5088K [0x00000000d5580000, 0x00000000de480000, 0x0000000100000000)
  eden space 62464K, 0% used [0x00000000d5580000,0x00000000d5580000,0x00000000d9280000)
  from space 5120K, 99% used [0x00000000d9280000,0x00000000d9778220,0x00000000d9780000)
  to   space 10752K, 0% used [0x00000000dda00000,0x00000000dda00000,0x00000000de480000)
 ParOldGen       total 83456K, used 8651K [0x0000000080000000, 0x0000000085180000, 0x00000000d5580000)
  object space 83456K, 10% used [0x0000000080000000,0x0000000080872d98,0x0000000085180000)
 Metaspace       used 20230K, capacity 20510K, committed 20864K, reserved 1067008K
  class space    used 2268K, capacity 2364K, committed 2432K, reserved 1048576K
}
Event: 3.129 GC heap before
{Heap before GC invocations=6 (full 0):
 PSYoungGen      total 67584K, used 49549K [0x00000000d5580000, 0x00000000de480000, 0x0000000100000000)
  eden space 62464K, 71% used [0x00000000d5580000,0x00000000d80eb2c8,0x00000000d9280000)
  from space 5120K, 99% used [0x00000000d9280000,0x00000000d9778220,0x00000000d9780000)
  to   space 10752K, 0% used [0x00000000dda00000,0x00000000dda00000,0x00000000de480000)
 ParOldGen       total 83456K, used 8651K [0x0000000080000000, 0x0000000085180000, 0x00000000d5580000)
  object space 83456K, 10% used [0x0000000080000000,0x0000000080872d98,0x0000000085180000)
 Metaspace       used 20710K, capacity 21018K, committed 21296K, reserved 1069056K
  class space    used 2324K, capacity 2404K, committed 2432K, reserved 1048576K
Event: 3.141 GC heap after
Heap after GC invocations=6 (full 0):
 PSYoungGen      total 135168K, used 8712K [0x00000000d5580000, 0x00000000de580000, 0x0000000100000000)
  eden space 124416K, 0% used [0x00000000d5580000,0x00000000d5580000,0x00000000dcf00000)
  from space 10752K, 81% used [0x00000000dda00000,0x00000000de2822f0,0x00000000de480000)
  to   space 11264K, 0% used [0x00000000dcf00000,0x00000000dcf00000,0x00000000dda00000)
 ParOldGen       total 83456K, used 8659K [0x0000000080000000, 0x0000000085180000, 0x00000000d5580000)
  object space 83456K, 10% used [0x0000000080000000,0x0000000080874d98,0x0000000085180000)
 Metaspace       used 20710K, capacity 21018K, committed 21296K, reserved 1069056K
  class space    used 2324K, capacity 2404K, committed 2432K, reserved 1048576K
}
Event: 3.141 GC heap before
{Heap before GC invocations=7 (full 1):
 PSYoungGen      total 135168K, used 8712K [0x00000000d5580000, 0x00000000de580000, 0x0000000100000000)
  eden space 124416K, 0% used [0x00000000d5580000,0x00000000d5580000,0x00000000dcf00000)
  from space 10752K, 81% used [0x00000000dda00000,0x00000000de2822f0,0x00000000de480000)
  to   space 11264K, 0% used [0x00000000dcf00000,0x00000000dcf00000,0x00000000dda00000)
 ParOldGen       total 83456K, used 8659K [0x0000000080000000, 0x0000000085180000, 0x00000000d5580000)
  object space 83456K, 10% used [0x0000000080000000,0x0000000080874d98,0x0000000085180000)
 Metaspace       used 20710K, capacity 21018K, committed 21296K, reserved 1069056K
  class space    used 2324K, capacity 2404K, committed 2432K, reserved 1048576K
Event: 3.207 GC heap after
Heap after GC invocations=7 (full 1):
 PSYoungGen      total 135168K, used 0K [0x00000000d5580000, 0x00000000de580000, 0x0000000100000000)
  eden space 124416K, 0% used [0x00000000d5580000,0x00000000d5580000,0x00000000dcf00000)
  from space 10752K, 0% used [0x00000000dda00000,0x00000000dda00000,0x00000000de480000)
  to   space 11264K, 0% used [0x00000000dcf00000,0x00000000dcf00000,0x00000000dda00000)
 ParOldGen       total 65024K, used 13187K [0x0000000080000000, 0x0000000083f80000, 0x00000000d5580000)
  object space 65024K, 20% used [0x0000000080000000,0x0000000080ce0c18,0x0000000083f80000)
 Metaspace       used 20710K, capacity 21018K, committed 21296K, reserved 1069056K
  class space    used 2324K, capacity 2404K, committed 2432K, reserved 1048576K
}
Event: 46.258 GC heap before
{Heap before GC invocations=8 (full 1):
 PSYoungGen      total 135168K, used 124416K [0x00000000d5580000, 0x00000000de580000, 0x0000000100000000)
  eden space 124416K, 100% used [0x00000000d5580000,0x00000000dcf00000,0x00000000dcf00000)
  from space 10752K, 0% used [0x00000000dda00000,0x00000000dda00000,0x00000000de480000)
  to   space 11264K, 0% used [0x00000000dcf00000,0x00000000dcf00000,0x00000000dda00000)
 ParOldGen       total 65024K, used 13187K [0x0000000080000000, 0x0000000083f80000, 0x00000000d5580000)
  object space 65024K, 20% used [0x0000000080000000,0x0000000080ce0c18,0x0000000083f80000)
 Metaspace       used 29572K, capacity 30468K, committed 30592K, reserved 1075200K
  class space    used 3645K, capacity 3868K, committed 3968K, reserved 1048576K
Event: 46.296 GC heap after
Heap after GC invocations=8 (full 1):
 PSYoungGen      total 135680K, used 11237K [0x00000000d5580000, 0x00000000de580000, 0x0000000100000000)
  eden space 124416K, 0% used [0x00000000d5580000,0x00000000d5580000,0x00000000dcf00000)
  from space 11264K, 99% used [0x00000000dcf00000,0x00000000dd9f9660,0x00000000dda00000)
  to   space 10752K, 0% used [0x00000000dda00000,0x00000000dda00000,0x00000000de480000)
 ParOldGen       total 65024K, used 13605K [0x0000000080000000, 0x0000000083f80000, 0x00000000d5580000)
  object space 65024K, 20% used [0x0000000080000000,0x0000000080d49430,0x0000000083f80000)
 Metaspace       used 29572K, capacity 30468K, committed 30592K, reserved 1075200K
  class space    used 3645K, capacity 3868K, committed 3968K, reserved 1048576K
}

